

Started GET "/" for 127.0.0.1 at 2013-11-04 16:52:55 +0800
Processing by Rails::WelcomeController#index as HTML
  Rendered /Users/sophiaraji/.rbenv/versions/custom-2.0.0-p247/lib/ruby/gems/2.0.0/gems/railties-4.0.0/lib/rails/templates/rails/welcome/index.html.erb (1.8ms)
Completed 200 OK in 156ms (Views: 119.2ms | ActiveRecord: 0.0ms)
  [1m[36m (1.2ms)[0m  [1mCREATE TABLE "schema_migrations" ("version" varchar(255) NOT NULL) [0m
  [1m[35m (1.2ms)[0m  CREATE UNIQUE INDEX "unique_schema_migrations" ON "schema_migrations" ("version")
  [1m[36mActiveRecord::SchemaMigration Load (0.1ms)[0m  [1mSELECT "schema_migrations".* FROM "schema_migrations"[0m
Migrating to CreatePosts (20131104085409)
  [1m[35m (0.0ms)[0m  begin transaction
  [1m[36m (0.3ms)[0m  [1mCREATE TABLE "posts" ("id" INTEGER PRIMARY KEY AUTOINCREMENT NOT NULL, "title" varchar(255), "body" text, "created_at" datetime, "updated_at" datetime) [0m
  [1m[35mSQL (0.2ms)[0m  INSERT INTO "schema_migrations" ("version") VALUES (?)  [["version", "20131104085409"]]
  [1m[36m (1.2ms)[0m  [1mcommit transaction[0m
  [1m[35mActiveRecord::SchemaMigration Load (0.1ms)[0m  SELECT "schema_migrations".* FROM "schema_migrations"


Started GET "/" for 127.0.0.1 at 2013-11-04 17:00:40 +0800
  [1m[36mActiveRecord::SchemaMigration Load (0.2ms)[0m  [1mSELECT "schema_migrations".* FROM "schema_migrations"[0m
Processing by Rails::WelcomeController#index as HTML
  Rendered /Users/sophiaraji/.rbenv/versions/custom-2.0.0-p247/lib/ruby/gems/2.0.0/gems/railties-4.0.0/lib/rails/templates/rails/welcome/index.html.erb (1.7ms)
Completed 200 OK in 58ms (Views: 42.9ms | ActiveRecord: 0.0ms)


Started GET "/" for 127.0.0.1 at 2013-11-04 17:00:42 +0800
Processing by Rails::WelcomeController#index as HTML
  Rendered /Users/sophiaraji/.rbenv/versions/custom-2.0.0-p247/lib/ruby/gems/2.0.0/gems/railties-4.0.0/lib/rails/templates/rails/welcome/index.html.erb (0.1ms)
Completed 200 OK in 2ms (Views: 1.4ms | ActiveRecord: 0.0ms)


Started GET "/" for 127.0.0.1 at 2013-11-04 17:01:55 +0800
  [1m[36mActiveRecord::SchemaMigration Load (0.1ms)[0m  [1mSELECT "schema_migrations".* FROM "schema_migrations"[0m

ActionController::RoutingError (uninitialized constant WelcomeController):
  activesupport (4.0.0) lib/active_support/inflector/methods.rb:226:in `const_get'
  activesupport (4.0.0) lib/active_support/inflector/methods.rb:226:in `block in constantize'
  activesupport (4.0.0) lib/active_support/inflector/methods.rb:224:in `each'
  activesupport (4.0.0) lib/active_support/inflector/methods.rb:224:in `inject'
  activesupport (4.0.0) lib/active_support/inflector/methods.rb:224:in `constantize'
  actionpack (4.0.0) lib/action_dispatch/routing/route_set.rb:76:in `controller_reference'
  actionpack (4.0.0) lib/action_dispatch/routing/route_set.rb:66:in `controller'
  actionpack (4.0.0) lib/action_dispatch/routing/route_set.rb:44:in `call'
  actionpack (4.0.0) lib/action_dispatch/journey/router.rb:71:in `block in call'
  actionpack (4.0.0) lib/action_dispatch/journey/router.rb:59:in `each'
  actionpack (4.0.0) lib/action_dispatch/journey/router.rb:59:in `call'
  actionpack (4.0.0) lib/action_dispatch/routing/route_set.rb:655:in `call'
  rack (1.5.2) lib/rack/etag.rb:23:in `call'
  rack (1.5.2) lib/rack/conditionalget.rb:25:in `call'
  rack (1.5.2) lib/rack/head.rb:11:in `call'
  actionpack (4.0.0) lib/action_dispatch/middleware/params_parser.rb:27:in `call'
  actionpack (4.0.0) lib/action_dispatch/middleware/flash.rb:241:in `call'
  rack (1.5.2) lib/rack/session/abstract/id.rb:225:in `context'
  rack (1.5.2) lib/rack/session/abstract/id.rb:220:in `call'
  actionpack (4.0.0) lib/action_dispatch/middleware/cookies.rb:486:in `call'
  activerecord (4.0.0) lib/active_record/query_cache.rb:36:in `call'
  activerecord (4.0.0) lib/active_record/connection_adapters/abstract/connection_pool.rb:626:in `call'
  activerecord (4.0.0) lib/active_record/migration.rb:369:in `call'
  actionpack (4.0.0) lib/action_dispatch/middleware/callbacks.rb:29:in `block in call'
  activesupport (4.0.0) lib/active_support/callbacks.rb:373:in `_run__4603452977487212123__call__callbacks'
  activesupport (4.0.0) lib/active_support/callbacks.rb:80:in `run_callbacks'
  actionpack (4.0.0) lib/action_dispatch/middleware/callbacks.rb:27:in `call'
  actionpack (4.0.0) lib/action_dispatch/middleware/reloader.rb:64:in `call'
  actionpack (4.0.0) lib/action_dispatch/middleware/remote_ip.rb:76:in `call'
  actionpack (4.0.0) lib/action_dispatch/middleware/debug_exceptions.rb:17:in `call'
  actionpack (4.0.0) lib/action_dispatch/middleware/show_exceptions.rb:30:in `call'
  railties (4.0.0) lib/rails/rack/logger.rb:38:in `call_app'
  railties (4.0.0) lib/rails/rack/logger.rb:21:in `block in call'
  activesupport (4.0.0) lib/active_support/tagged_logging.rb:67:in `block in tagged'
  activesupport (4.0.0) lib/active_support/tagged_logging.rb:25:in `tagged'
  activesupport (4.0.0) lib/active_support/tagged_logging.rb:67:in `tagged'
  railties (4.0.0) lib/rails/rack/logger.rb:21:in `call'
  actionpack (4.0.0) lib/action_dispatch/middleware/request_id.rb:21:in `call'
  rack (1.5.2) lib/rack/methodoverride.rb:21:in `call'
  rack (1.5.2) lib/rack/runtime.rb:17:in `call'
  activesupport (4.0.0) lib/active_support/cache/strategy/local_cache.rb:83:in `call'
  rack (1.5.2) lib/rack/lock.rb:17:in `call'
  actionpack (4.0.0) lib/action_dispatch/middleware/static.rb:64:in `call'
  railties (4.0.0) lib/rails/engine.rb:511:in `call'
  railties (4.0.0) lib/rails/application.rb:97:in `call'
  rack (1.5.2) lib/rack/lock.rb:17:in `call'
  rack (1.5.2) lib/rack/content_length.rb:14:in `call'
  rack (1.5.2) lib/rack/handler/webrick.rb:60:in `service'
  /Users/sophiaraji/.rbenv/versions/custom-2.0.0-p247/lib/ruby/2.0.0/webrick/httpserver.rb:138:in `service'
  /Users/sophiaraji/.rbenv/versions/custom-2.0.0-p247/lib/ruby/2.0.0/webrick/httpserver.rb:94:in `run'
  /Users/sophiaraji/.rbenv/versions/custom-2.0.0-p247/lib/ruby/2.0.0/webrick/server.rb:295:in `block in start_thread'


  Rendered /Users/sophiaraji/.rbenv/versions/custom-2.0.0-p247/lib/ruby/gems/2.0.0/gems/actionpack-4.0.0/lib/action_dispatch/middleware/templates/rescues/_trace.erb (1.0ms)
  Rendered /Users/sophiaraji/.rbenv/versions/custom-2.0.0-p247/lib/ruby/gems/2.0.0/gems/actionpack-4.0.0/lib/action_dispatch/middleware/templates/routes/_route.html.erb (1.1ms)
  Rendered /Users/sophiaraji/.rbenv/versions/custom-2.0.0-p247/lib/ruby/gems/2.0.0/gems/actionpack-4.0.0/lib/action_dispatch/middleware/templates/routes/_table.html.erb (32.9ms)
  Rendered /Users/sophiaraji/.rbenv/versions/custom-2.0.0-p247/lib/ruby/gems/2.0.0/gems/actionpack-4.0.0/lib/action_dispatch/middleware/templates/rescues/routing_error.erb within rescues/layout (63.7ms)


Started GET "/" for 127.0.0.1 at 2013-11-04 17:03:37 +0800
  [1m[36mActiveRecord::SchemaMigration Load (0.1ms)[0m  [1mSELECT "schema_migrations".* FROM "schema_migrations"[0m
Processing by PostsController#index as HTML
  [1m[35mPost Load (0.2ms)[0m  SELECT "posts".* FROM "posts"
  Rendered posts/index.html.erb within layouts/application (2.2ms)
Completed 200 OK in 1365ms (Views: 1348.5ms | ActiveRecord: 0.2ms)


Started GET "/assets/posts.css?body=1" for 127.0.0.1 at 2013-11-04 17:03:38 +0800


Started GET "/assets/scaffolds.css?body=1" for 127.0.0.1 at 2013-11-04 17:03:38 +0800


Started GET "/assets/posts.js?body=1" for 127.0.0.1 at 2013-11-04 17:03:38 +0800


Started GET "/assets/jquery_ujs.js?body=1" for 127.0.0.1 at 2013-11-04 17:03:38 +0800


Started GET "/assets/turbolinks.js?body=1" for 127.0.0.1 at 2013-11-04 17:03:38 +0800


Started GET "/assets/jquery.js?body=1" for 127.0.0.1 at 2013-11-04 17:03:38 +0800


Started GET "/assets/application.css?body=1" for 127.0.0.1 at 2013-11-04 17:03:38 +0800


Started GET "/assets/application.js?body=1" for 127.0.0.1 at 2013-11-04 17:03:38 +0800


Started GET "/posts/new" for 127.0.0.1 at 2013-11-04 17:04:02 +0800
Processing by PostsController#new as HTML
  Rendered posts/_form.html.erb (90.9ms)
  Rendered posts/new.html.erb within layouts/application (93.8ms)
Completed 200 OK in 114ms (Views: 112.7ms | ActiveRecord: 0.3ms)


Started POST "/posts" for 127.0.0.1 at 2013-11-04 17:04:14 +0800
Processing by PostsController#create as HTML
  Parameters: {"utf8"=>"✓", "authenticity_token"=>"HX7p3sW+dpevdVhdzXYGmlllWeYjiVQQKRTUJbffjq8=", "post"=>{"title"=>"Sample Post", "body"=>"Text"}, "commit"=>"Create Post"}
  [1m[36m (0.1ms)[0m  [1mbegin transaction[0m
  [1m[35mSQL (51.7ms)[0m  INSERT INTO "posts" ("body", "created_at", "title", "updated_at") VALUES (?, ?, ?, ?)  [["body", "Text"], ["created_at", Mon, 04 Nov 2013 09:04:14 UTC +00:00], ["title", "Sample Post"], ["updated_at", Mon, 04 Nov 2013 09:04:14 UTC +00:00]]
  [1m[36m (30.3ms)[0m  [1mcommit transaction[0m
Redirected to http://localhost:3000/posts/1
Completed 302 Found in 87ms (ActiveRecord: 82.2ms)


Started GET "/posts/1" for 127.0.0.1 at 2013-11-04 17:04:14 +0800
Processing by PostsController#show as HTML
  Parameters: {"id"=>"1"}
  [1m[35mPost Load (0.2ms)[0m  SELECT "posts".* FROM "posts" WHERE "posts"."id" = ? LIMIT 1  [["id", "1"]]
  Rendered posts/show.html.erb within layouts/application (0.9ms)
Completed 200 OK in 14ms (Views: 12.2ms | ActiveRecord: 0.2ms)


Started GET "/assets/jquery_ujs.js?body=1" for 127.0.0.1 at 2013-11-04 17:04:14 +0800


Started GET "/assets/jquery.js?body=1" for 127.0.0.1 at 2013-11-04 17:04:14 +0800


Started GET "/assets/turbolinks.js?body=1" for 127.0.0.1 at 2013-11-04 17:04:14 +0800


Started GET "/posts" for 127.0.0.1 at 2013-11-04 17:04:19 +0800
Processing by PostsController#index as HTML
  [1m[36mPost Load (0.1ms)[0m  [1mSELECT "posts".* FROM "posts"[0m
  Rendered posts/index.html.erb within layouts/application (1.8ms)
Completed 200 OK in 6ms (Views: 4.9ms | ActiveRecord: 0.1ms)


Started GET "/posts/1/edit" for 127.0.0.1 at 2013-11-04 17:06:53 +0800
Processing by PostsController#edit as HTML
  Parameters: {"id"=>"1"}
Completed 500 Internal Server Error in 2ms

RuntimeError (`attr_accessible` is extracted out of Rails into a gem. Please use new recommended protection model for params(strong_parameters) or add `protected_attributes` to your Gemfile to use old one.):
  app/models/post.rb:2:in `<class:Post>'
  app/models/post.rb:1:in `<top (required)>'
  app/controllers/posts_controller.rb:67:in `set_post'


  Rendered /Users/sophiaraji/.rbenv/versions/custom-2.0.0-p247/lib/ruby/gems/2.0.0/gems/actionpack-4.0.0/lib/action_dispatch/middleware/templates/rescues/_source.erb (0.5ms)
  Rendered /Users/sophiaraji/.rbenv/versions/custom-2.0.0-p247/lib/ruby/gems/2.0.0/gems/actionpack-4.0.0/lib/action_dispatch/middleware/templates/rescues/_trace.erb (0.9ms)
  Rendered /Users/sophiaraji/.rbenv/versions/custom-2.0.0-p247/lib/ruby/gems/2.0.0/gems/actionpack-4.0.0/lib/action_dispatch/middleware/templates/rescues/_request_and_response.erb (0.8ms)
  Rendered /Users/sophiaraji/.rbenv/versions/custom-2.0.0-p247/lib/ruby/gems/2.0.0/gems/actionpack-4.0.0/lib/action_dispatch/middleware/templates/rescues/diagnostics.erb within rescues/layout (15.6ms)


Started GET "/posts/1/edit" for 127.0.0.1 at 2013-11-04 17:06:53 +0800
Processing by PostsController#edit as HTML
  Parameters: {"id"=>"1"}
Completed 500 Internal Server Error in 2ms

RuntimeError (`attr_accessible` is extracted out of Rails into a gem. Please use new recommended protection model for params(strong_parameters) or add `protected_attributes` to your Gemfile to use old one.):
  app/models/post.rb:2:in `<class:Post>'
  app/models/post.rb:1:in `<top (required)>'
  app/controllers/posts_controller.rb:67:in `set_post'


  Rendered /Users/sophiaraji/.rbenv/versions/custom-2.0.0-p247/lib/ruby/gems/2.0.0/gems/actionpack-4.0.0/lib/action_dispatch/middleware/templates/rescues/_source.erb (0.6ms)
  Rendered /Users/sophiaraji/.rbenv/versions/custom-2.0.0-p247/lib/ruby/gems/2.0.0/gems/actionpack-4.0.0/lib/action_dispatch/middleware/templates/rescues/_trace.erb (1.5ms)
  Rendered /Users/sophiaraji/.rbenv/versions/custom-2.0.0-p247/lib/ruby/gems/2.0.0/gems/actionpack-4.0.0/lib/action_dispatch/middleware/templates/rescues/_request_and_response.erb (0.9ms)
  Rendered /Users/sophiaraji/.rbenv/versions/custom-2.0.0-p247/lib/ruby/gems/2.0.0/gems/actionpack-4.0.0/lib/action_dispatch/middleware/templates/rescues/diagnostics.erb within rescues/layout (14.3ms)


Started GET "/posts" for 127.0.0.1 at 2013-11-04 17:07:09 +0800
Processing by PostsController#index as HTML
  [1m[35mPost Load (0.2ms)[0m  SELECT "posts".* FROM "posts"
  Rendered posts/index.html.erb within layouts/application (10.2ms)
Completed 200 OK in 15ms (Views: 13.1ms | ActiveRecord: 0.4ms)


Started GET "/assets/application.css?body=1" for 127.0.0.1 at 2013-11-04 17:07:09 +0800


Started GET "/assets/posts.css?body=1" for 127.0.0.1 at 2013-11-04 17:07:09 +0800


Started GET "/assets/jquery.js?body=1" for 127.0.0.1 at 2013-11-04 17:07:09 +0800


Started GET "/assets/jquery_ujs.js?body=1" for 127.0.0.1 at 2013-11-04 17:07:09 +0800


Started GET "/assets/turbolinks.js?body=1" for 127.0.0.1 at 2013-11-04 17:07:09 +0800


Started GET "/assets/scaffolds.css?body=1" for 127.0.0.1 at 2013-11-04 17:07:09 +0800


Started GET "/assets/posts.js?body=1" for 127.0.0.1 at 2013-11-04 17:07:09 +0800


Started GET "/assets/application.js?body=1" for 127.0.0.1 at 2013-11-04 17:07:09 +0800


Started GET "/posts/1/edit" for 127.0.0.1 at 2013-11-04 17:07:11 +0800
Processing by PostsController#edit as HTML
  Parameters: {"id"=>"1"}
  [1m[36mPost Load (0.2ms)[0m  [1mSELECT "posts".* FROM "posts" WHERE "posts"."id" = ? LIMIT 1[0m  [["id", "1"]]
  Rendered posts/_form.html.erb (2.2ms)
  Rendered posts/edit.html.erb within layouts/application (3.4ms)
Completed 200 OK in 78ms (Views: 76.8ms | ActiveRecord: 0.2ms)


Started PATCH "/posts/1" for 127.0.0.1 at 2013-11-04 17:07:14 +0800
Processing by PostsController#update as HTML
  Parameters: {"utf8"=>"✓", "authenticity_token"=>"HX7p3sW+dpevdVhdzXYGmlllWeYjiVQQKRTUJbffjq8=", "post"=>{"title"=>"", "body"=>"Text"}, "commit"=>"Update Post", "id"=>"1"}
  [1m[35mPost Load (0.1ms)[0m  SELECT "posts".* FROM "posts" WHERE "posts"."id" = ? LIMIT 1  [["id", "1"]]
  [1m[36m (0.1ms)[0m  [1mbegin transaction[0m
  [1m[35m (0.1ms)[0m  rollback transaction
  Rendered posts/_form.html.erb (4.4ms)
  Rendered posts/edit.html.erb within layouts/application (5.9ms)
Completed 200 OK in 14ms (Views: 9.7ms | ActiveRecord: 0.3ms)


Started GET "/assets/scaffolds.css?body=1" for 127.0.0.1 at 2013-11-04 17:07:14 +0800


Started GET "/assets/application.css?body=1" for 127.0.0.1 at 2013-11-04 17:07:14 +0800


Started GET "/assets/turbolinks.js?body=1" for 127.0.0.1 at 2013-11-04 17:07:14 +0800


Started GET "/assets/jquery.js?body=1" for 127.0.0.1 at 2013-11-04 17:07:14 +0800


Started GET "/assets/posts.css?body=1" for 127.0.0.1 at 2013-11-04 17:07:14 +0800


Started GET "/assets/jquery_ujs.js?body=1" for 127.0.0.1 at 2013-11-04 17:07:14 +0800


Started GET "/assets/posts.js?body=1" for 127.0.0.1 at 2013-11-04 17:07:14 +0800


Started GET "/assets/application.js?body=1" for 127.0.0.1 at 2013-11-04 17:07:14 +0800


Started GET "/posts" for 127.0.0.1 at 2013-11-05 09:59:55 +0800
Processing by PostsController#index as HTML
  [1m[36mPost Load (16.2ms)[0m  [1mSELECT "posts".* FROM "posts"[0m
  Rendered posts/index.html.erb within layouts/application (18.5ms)
Completed 200 OK in 131ms (Views: 97.9ms | ActiveRecord: 16.2ms)


Started GET "/assets/posts.css?body=1" for 127.0.0.1 at 2013-11-05 09:59:55 +0800


Started GET "/assets/scaffolds.css?body=1" for 127.0.0.1 at 2013-11-05 09:59:55 +0800


Started GET "/assets/posts.js?body=1" for 127.0.0.1 at 2013-11-05 09:59:55 +0800


Started GET "/assets/application.css?body=1" for 127.0.0.1 at 2013-11-05 09:59:55 +0800


Started GET "/assets/jquery_ujs.js?body=1" for 127.0.0.1 at 2013-11-05 09:59:55 +0800


Started GET "/assets/jquery.js?body=1" for 127.0.0.1 at 2013-11-05 09:59:55 +0800


Started GET "/assets/application.js?body=1" for 127.0.0.1 at 2013-11-05 09:59:55 +0800


Started GET "/assets/turbolinks.js?body=1" for 127.0.0.1 at 2013-11-05 09:59:55 +0800


Started GET "/posts" for 127.0.0.1 at 2013-11-05 10:02:05 +0800
Processing by PostsController#index as HTML
  [1m[35mPost Load (0.1ms)[0m  SELECT "posts".* FROM "posts"
  Rendered posts/index.html.erb within layouts/application (1.0ms)
Completed 200 OK in 6ms (Views: 4.8ms | ActiveRecord: 0.1ms)


Started GET "/assets/posts.css?body=1" for 127.0.0.1 at 2013-11-05 10:02:05 +0800


Started GET "/assets/scaffolds.css?body=1" for 127.0.0.1 at 2013-11-05 10:02:05 +0800


Started GET "/assets/application.css?body=1" for 127.0.0.1 at 2013-11-05 10:02:05 +0800


Started GET "/assets/turbolinks.js?body=1" for 127.0.0.1 at 2013-11-05 10:02:05 +0800


Started GET "/assets/posts.js?body=1" for 127.0.0.1 at 2013-11-05 10:02:05 +0800


Started GET "/assets/jquery.js?body=1" for 127.0.0.1 at 2013-11-05 10:02:05 +0800


Started GET "/assets/jquery_ujs.js?body=1" for 127.0.0.1 at 2013-11-05 10:02:05 +0800


Started GET "/assets/application.js?body=1" for 127.0.0.1 at 2013-11-05 10:02:05 +0800


Started GET "/posts" for 127.0.0.1 at 2013-11-05 10:02:07 +0800
Processing by PostsController#index as HTML
  [1m[36mPost Load (0.1ms)[0m  [1mSELECT "posts".* FROM "posts"[0m
  Rendered posts/index.html.erb within layouts/application (0.9ms)
Completed 200 OK in 4ms (Views: 3.8ms | ActiveRecord: 0.1ms)


Started GET "/assets/jquery.js?body=1" for 127.0.0.1 at 2013-11-05 10:02:07 +0800


Started GET "/assets/posts.css?body=1" for 127.0.0.1 at 2013-11-05 10:02:07 +0800


Started GET "/assets/scaffolds.css?body=1" for 127.0.0.1 at 2013-11-05 10:02:07 +0800


Started GET "/assets/application.css?body=1" for 127.0.0.1 at 2013-11-05 10:02:07 +0800


Started GET "/assets/jquery_ujs.js?body=1" for 127.0.0.1 at 2013-11-05 10:02:07 +0800


Started GET "/assets/turbolinks.js?body=1" for 127.0.0.1 at 2013-11-05 10:02:07 +0800


Started GET "/assets/posts.js?body=1" for 127.0.0.1 at 2013-11-05 10:02:07 +0800


Started GET "/assets/application.js?body=1" for 127.0.0.1 at 2013-11-05 10:02:07 +0800


Started GET "/posts/1" for 127.0.0.1 at 2013-11-05 10:02:18 +0800
Processing by PostsController#show as HTML
  Parameters: {"id"=>"1"}
  [1m[35mPost Load (0.1ms)[0m  SELECT "posts".* FROM "posts" WHERE "posts"."id" = ? LIMIT 1  [["id", "1"]]
  Rendered posts/show.html.erb within layouts/application (70.9ms)
Completed 200 OK in 75ms (Views: 74.2ms | ActiveRecord: 0.1ms)


Started GET "/assets/application.css?body=1" for 127.0.0.1 at 2013-11-05 10:02:18 +0800


Started GET "/assets/turbolinks.js?body=1" for 127.0.0.1 at 2013-11-05 10:02:18 +0800


Started GET "/assets/jquery.js?body=1" for 127.0.0.1 at 2013-11-05 10:02:18 +0800


Started GET "/assets/posts.js?body=1" for 127.0.0.1 at 2013-11-05 10:02:18 +0800


Started GET "/assets/jquery_ujs.js?body=1" for 127.0.0.1 at 2013-11-05 10:02:18 +0800


Started GET "/assets/posts.css?body=1" for 127.0.0.1 at 2013-11-05 10:02:18 +0800


Started GET "/assets/scaffolds.css?body=1" for 127.0.0.1 at 2013-11-05 10:02:18 +0800


Started GET "/assets/application.js?body=1" for 127.0.0.1 at 2013-11-05 10:02:18 +0800


Started GET "/posts/1" for 127.0.0.1 at 2013-11-05 10:02:30 +0800
Processing by PostsController#show as HTML
  Parameters: {"id"=>"1"}
  [1m[36mPost Load (0.1ms)[0m  [1mSELECT "posts".* FROM "posts" WHERE "posts"."id" = ? LIMIT 1[0m  [["id", "1"]]
  Rendered posts/show.html.erb within layouts/application (0.9ms)
Completed 200 OK in 5ms (Views: 4.1ms | ActiveRecord: 0.1ms)


Started GET "/posts/1" for 127.0.0.1 at 2013-11-05 10:02:31 +0800
Processing by PostsController#show as HTML
  Parameters: {"id"=>"1"}
  [1m[35mPost Load (0.1ms)[0m  SELECT "posts".* FROM "posts" WHERE "posts"."id" = ? LIMIT 1  [["id", "1"]]
  Rendered posts/show.html.erb within layouts/application (0.9ms)
Completed 200 OK in 5ms (Views: 3.9ms | ActiveRecord: 0.1ms)


Started GET "/assets/application.css?body=1" for 127.0.0.1 at 2013-11-05 10:02:31 +0800


Started GET "/assets/jquery_ujs.js?body=1" for 127.0.0.1 at 2013-11-05 10:02:31 +0800


Started GET "/assets/posts.css?body=1" for 127.0.0.1 at 2013-11-05 10:02:31 +0800


Started GET "/assets/scaffolds.css?body=1" for 127.0.0.1 at 2013-11-05 10:02:31 +0800


Started GET "/assets/jquery.js?body=1" for 127.0.0.1 at 2013-11-05 10:02:31 +0800


Started GET "/assets/turbolinks.js?body=1" for 127.0.0.1 at 2013-11-05 10:02:31 +0800


Started GET "/assets/posts.js?body=1" for 127.0.0.1 at 2013-11-05 10:02:31 +0800


Started GET "/assets/application.js?body=1" for 127.0.0.1 at 2013-11-05 10:02:31 +0800


Started GET "/posts" for 127.0.0.1 at 2013-11-05 10:02:34 +0800
Processing by PostsController#index as HTML
  [1m[36mPost Load (0.1ms)[0m  [1mSELECT "posts".* FROM "posts"[0m
  Rendered posts/index.html.erb within layouts/application (1.1ms)
Completed 200 OK in 5ms (Views: 4.4ms | ActiveRecord: 0.1ms)


Started GET "/posts" for 127.0.0.1 at 2013-11-05 10:06:27 +0800
Processing by PostsController#index as HTML
  [1m[35mPost Load (0.1ms)[0m  SELECT "posts".* FROM "posts"
  Rendered posts/index.html.erb within layouts/application (0.9ms)
Completed 200 OK in 4ms (Views: 3.7ms | ActiveRecord: 0.1ms)


Started GET "/assets/posts.css?body=1" for 127.0.0.1 at 2013-11-05 10:06:27 +0800


Started GET "/assets/jquery_ujs.js?body=1" for 127.0.0.1 at 2013-11-05 10:06:27 +0800


Started GET "/assets/turbolinks.js?body=1" for 127.0.0.1 at 2013-11-05 10:06:27 +0800


Started GET "/assets/application.css?body=1" for 127.0.0.1 at 2013-11-05 10:06:27 +0800


Started GET "/assets/scaffolds.css?body=1" for 127.0.0.1 at 2013-11-05 10:06:27 +0800


Started GET "/assets/jquery.js?body=1" for 127.0.0.1 at 2013-11-05 10:06:27 +0800


Started GET "/assets/posts.js?body=1" for 127.0.0.1 at 2013-11-05 10:06:27 +0800


Started GET "/assets/application.js?body=1" for 127.0.0.1 at 2013-11-05 10:06:27 +0800


Started GET "/posts/1" for 127.0.0.1 at 2013-11-05 10:06:29 +0800
Processing by PostsController#show as HTML
  Parameters: {"id"=>"1"}
  [1m[36mPost Load (0.1ms)[0m  [1mSELECT "posts".* FROM "posts" WHERE "posts"."id" = ? LIMIT 1[0m  [["id", "1"]]
  Rendered posts/_post.html.erb (0.6ms)
  Rendered posts/show.html.erb within layouts/application (2.0ms)
Completed 200 OK in 6ms (Views: 5.0ms | ActiveRecord: 0.1ms)


Started GET "/posts/1" for 127.0.0.1 at 2013-11-05 10:06:29 +0800
Processing by PostsController#show as HTML
  Parameters: {"id"=>"1"}
  [1m[35mPost Load (0.1ms)[0m  SELECT "posts".* FROM "posts" WHERE "posts"."id" = ? LIMIT 1  [["id", "1"]]
  Rendered posts/_post.html.erb (0.6ms)
  Rendered posts/show.html.erb within layouts/application (1.7ms)
Completed 200 OK in 6ms (Views: 5.0ms | ActiveRecord: 0.1ms)


Started GET "/assets/application.css?body=1" for 127.0.0.1 at 2013-11-05 10:06:30 +0800


Started GET "/assets/posts.css?body=1" for 127.0.0.1 at 2013-11-05 10:06:30 +0800


Started GET "/assets/jquery.js?body=1" for 127.0.0.1 at 2013-11-05 10:06:30 +0800


Started GET "/assets/scaffolds.css?body=1" for 127.0.0.1 at 2013-11-05 10:06:30 +0800


Started GET "/assets/turbolinks.js?body=1" for 127.0.0.1 at 2013-11-05 10:06:30 +0800


Started GET "/assets/jquery_ujs.js?body=1" for 127.0.0.1 at 2013-11-05 10:06:30 +0800


Started GET "/assets/posts.js?body=1" for 127.0.0.1 at 2013-11-05 10:06:30 +0800


Started GET "/assets/application.js?body=1" for 127.0.0.1 at 2013-11-05 10:06:30 +0800


Started GET "/posts/1" for 127.0.0.1 at 2013-11-05 10:06:48 +0800
  [1m[36mActiveRecord::SchemaMigration Load (7.2ms)[0m  [1mSELECT "schema_migrations".* FROM "schema_migrations"[0m
Processing by PostsController#show as HTML
  Parameters: {"id"=>"1"}
  [1m[35mPost Load (9.3ms)[0m  SELECT "posts".* FROM "posts" WHERE "posts"."id" = ? LIMIT 1  [["id", "1"]]
  Rendered posts/_post.html.erb (3.2ms)
  Rendered posts/show.html.erb within layouts/application (19.0ms)
Completed 200 OK in 224ms (Views: 165.2ms | ActiveRecord: 9.7ms)


Started GET "/assets/application.css?body=1" for 127.0.0.1 at 2013-11-05 10:06:48 +0800


Started GET "/assets/posts.css?body=1" for 127.0.0.1 at 2013-11-05 10:06:48 +0800


Started GET "/assets/jquery_ujs.js?body=1" for 127.0.0.1 at 2013-11-05 10:06:48 +0800


Started GET "/assets/scaffolds.css?body=1" for 127.0.0.1 at 2013-11-05 10:06:48 +0800


Started GET "/assets/jquery.js?body=1" for 127.0.0.1 at 2013-11-05 10:06:48 +0800


Started GET "/assets/turbolinks.js?body=1" for 127.0.0.1 at 2013-11-05 10:06:48 +0800


Started GET "/assets/posts.js?body=1" for 127.0.0.1 at 2013-11-05 10:06:48 +0800


Started GET "/assets/application.js?body=1" for 127.0.0.1 at 2013-11-05 10:06:48 +0800


Started GET "/posts" for 127.0.0.1 at 2013-11-05 10:06:51 +0800
Processing by PostsController#index as HTML
  [1m[36mPost Load (0.1ms)[0m  [1mSELECT "posts".* FROM "posts"[0m
  Rendered posts/index.html.erb within layouts/application (1.8ms)
Completed 200 OK in 6ms (Views: 4.9ms | ActiveRecord: 0.1ms)


Started GET "/posts/1" for 127.0.0.1 at 2013-11-05 10:06:53 +0800
Processing by PostsController#show as HTML
  Parameters: {"id"=>"1"}
  [1m[35mPost Load (0.1ms)[0m  SELECT "posts".* FROM "posts" WHERE "posts"."id" = ? LIMIT 1  [["id", "1"]]
  Rendered posts/_post.html.erb (0.6ms)
  Rendered posts/show.html.erb within layouts/application (1.9ms)
Completed 200 OK in 6ms (Views: 5.0ms | ActiveRecord: 0.1ms)


Started GET "/posts" for 127.0.0.1 at 2013-11-05 10:06:54 +0800
Processing by PostsController#index as HTML
  [1m[36mPost Load (0.1ms)[0m  [1mSELECT "posts".* FROM "posts"[0m
  Rendered posts/index.html.erb within layouts/application (1.2ms)
Completed 200 OK in 5ms (Views: 4.5ms | ActiveRecord: 0.1ms)


Started GET "/posts/1" for 127.0.0.1 at 2013-11-05 10:06:56 +0800
Processing by PostsController#show as HTML
  Parameters: {"id"=>"1"}
  [1m[35mPost Load (0.2ms)[0m  SELECT "posts".* FROM "posts" WHERE "posts"."id" = ? LIMIT 1  [["id", "1"]]
  Rendered posts/_post.html.erb (0.3ms)
  Rendered posts/show.html.erb within layouts/application (1.4ms)
Completed 200 OK in 7ms (Views: 5.0ms | ActiveRecord: 0.2ms)


Started GET "/posts" for 127.0.0.1 at 2013-11-05 10:06:56 +0800
Processing by PostsController#index as HTML
  [1m[36mPost Load (0.1ms)[0m  [1mSELECT "posts".* FROM "posts"[0m
  Rendered posts/index.html.erb within layouts/application (1.1ms)
Completed 200 OK in 5ms (Views: 4.5ms | ActiveRecord: 0.1ms)


Started GET "/posts/1" for 127.0.0.1 at 2013-11-05 10:07:14 +0800
Processing by PostsController#show as HTML
  Parameters: {"id"=>"1"}
  [1m[35mPost Load (0.1ms)[0m  SELECT "posts".* FROM "posts" WHERE "posts"."id" = ? LIMIT 1  [["id", "1"]]
  Rendered posts/_post.html.erb (0.2ms)
  Rendered posts/show.html.erb within layouts/application (0.8ms)
Completed 200 OK in 4ms (Views: 3.5ms | ActiveRecord: 0.1ms)


Started GET "/assets/posts.css?body=1" for 127.0.0.1 at 2013-11-05 10:07:14 +0800


Started GET "/assets/scaffolds.css?body=1" for 127.0.0.1 at 2013-11-05 10:07:14 +0800


Started GET "/assets/turbolinks.js?body=1" for 127.0.0.1 at 2013-11-05 10:07:14 +0800


Started GET "/assets/application.css?body=1" for 127.0.0.1 at 2013-11-05 10:07:14 +0800


Started GET "/assets/jquery_ujs.js?body=1" for 127.0.0.1 at 2013-11-05 10:07:14 +0800


Started GET "/assets/jquery.js?body=1" for 127.0.0.1 at 2013-11-05 10:07:14 +0800


Started GET "/assets/posts.js?body=1" for 127.0.0.1 at 2013-11-05 10:07:14 +0800


Started GET "/assets/application.js?body=1" for 127.0.0.1 at 2013-11-05 10:07:14 +0800


Started GET "/posts" for 127.0.0.1 at 2013-11-05 10:08:54 +0800
Processing by PostsController#index as HTML
  [1m[36mPost Load (0.2ms)[0m  [1mSELECT "posts".* FROM "posts"[0m
  Rendered posts/_post.html.erb (0.9ms)
  Rendered posts/index.html.erb within layouts/application (3.2ms)
Completed 200 OK in 7ms (Views: 6.6ms | ActiveRecord: 0.2ms)


Started GET "/assets/application.css?body=1" for 127.0.0.1 at 2013-11-05 10:08:54 +0800


Started GET "/assets/scaffolds.css?body=1" for 127.0.0.1 at 2013-11-05 10:08:54 +0800


Started GET "/assets/posts.css?body=1" for 127.0.0.1 at 2013-11-05 10:08:54 +0800


Started GET "/assets/jquery.js?body=1" for 127.0.0.1 at 2013-11-05 10:08:54 +0800


Started GET "/assets/turbolinks.js?body=1" for 127.0.0.1 at 2013-11-05 10:08:54 +0800


Started GET "/assets/jquery_ujs.js?body=1" for 127.0.0.1 at 2013-11-05 10:08:54 +0800


Started GET "/assets/posts.js?body=1" for 127.0.0.1 at 2013-11-05 10:08:54 +0800


Started GET "/assets/application.js?body=1" for 127.0.0.1 at 2013-11-05 10:08:54 +0800


Started GET "/posts/1" for 127.0.0.1 at 2013-11-05 10:09:14 +0800
Processing by PostsController#show as HTML
  Parameters: {"id"=>"1"}
  [1m[35mPost Load (0.1ms)[0m  SELECT "posts".* FROM "posts" WHERE "posts"."id" = ? LIMIT 1  [["id", "1"]]
  Rendered posts/_post.html.erb (0.3ms)
  Rendered posts/show.html.erb within layouts/application (1.1ms)
Completed 200 OK in 5ms (Views: 4.1ms | ActiveRecord: 0.1ms)


Started GET "/posts" for 127.0.0.1 at 2013-11-05 10:09:17 +0800
Processing by PostsController#index as HTML
  [1m[36mPost Load (0.1ms)[0m  [1mSELECT "posts".* FROM "posts"[0m
  Rendered posts/_post.html.erb (0.9ms)
  Rendered posts/index.html.erb within layouts/application (2.9ms)
Completed 200 OK in 7ms (Views: 5.9ms | ActiveRecord: 0.1ms)


Started GET "/posts/new" for 127.0.0.1 at 2013-11-05 10:15:27 +0800
Processing by PostsController#new as HTML
Completed 500 Internal Server Error in 3ms

NameError (undefined local variable or method `authenticate' for #<PostsController:0x007fc784aecdf8>):
  activesupport (4.0.0) lib/active_support/callbacks.rb:407:in `_run__3818254490908785116__process_action__callbacks'
  activesupport (4.0.0) lib/active_support/callbacks.rb:80:in `run_callbacks'
  actionpack (4.0.0) lib/abstract_controller/callbacks.rb:17:in `process_action'
  actionpack (4.0.0) lib/action_controller/metal/rescue.rb:29:in `process_action'
  actionpack (4.0.0) lib/action_controller/metal/instrumentation.rb:31:in `block in process_action'
  activesupport (4.0.0) lib/active_support/notifications.rb:159:in `block in instrument'
  activesupport (4.0.0) lib/active_support/notifications/instrumenter.rb:20:in `instrument'
  activesupport (4.0.0) lib/active_support/notifications.rb:159:in `instrument'
  actionpack (4.0.0) lib/action_controller/metal/instrumentation.rb:30:in `process_action'
  actionpack (4.0.0) lib/action_controller/metal/params_wrapper.rb:245:in `process_action'
  activerecord (4.0.0) lib/active_record/railties/controller_runtime.rb:18:in `process_action'
  actionpack (4.0.0) lib/abstract_controller/base.rb:136:in `process'
  actionpack (4.0.0) lib/abstract_controller/rendering.rb:44:in `process'
  actionpack (4.0.0) lib/action_controller/metal.rb:195:in `dispatch'
  actionpack (4.0.0) lib/action_controller/metal/rack_delegation.rb:13:in `dispatch'
  actionpack (4.0.0) lib/action_controller/metal.rb:231:in `block in action'
  actionpack (4.0.0) lib/action_dispatch/routing/route_set.rb:80:in `call'
  actionpack (4.0.0) lib/action_dispatch/routing/route_set.rb:80:in `dispatch'
  actionpack (4.0.0) lib/action_dispatch/routing/route_set.rb:48:in `call'
  actionpack (4.0.0) lib/action_dispatch/journey/router.rb:71:in `block in call'
  actionpack (4.0.0) lib/action_dispatch/journey/router.rb:59:in `each'
  actionpack (4.0.0) lib/action_dispatch/journey/router.rb:59:in `call'
  actionpack (4.0.0) lib/action_dispatch/routing/route_set.rb:655:in `call'
  rack (1.5.2) lib/rack/etag.rb:23:in `call'
  rack (1.5.2) lib/rack/conditionalget.rb:25:in `call'
  rack (1.5.2) lib/rack/head.rb:11:in `call'
  actionpack (4.0.0) lib/action_dispatch/middleware/params_parser.rb:27:in `call'
  actionpack (4.0.0) lib/action_dispatch/middleware/flash.rb:241:in `call'
  rack (1.5.2) lib/rack/session/abstract/id.rb:225:in `context'
  rack (1.5.2) lib/rack/session/abstract/id.rb:220:in `call'
  actionpack (4.0.0) lib/action_dispatch/middleware/cookies.rb:486:in `call'
  activerecord (4.0.0) lib/active_record/query_cache.rb:36:in `call'
  activerecord (4.0.0) lib/active_record/connection_adapters/abstract/connection_pool.rb:626:in `call'
  activerecord (4.0.0) lib/active_record/migration.rb:369:in `call'
  actionpack (4.0.0) lib/action_dispatch/middleware/callbacks.rb:29:in `block in call'
  activesupport (4.0.0) lib/active_support/callbacks.rb:373:in `_run__2547657242032472572__call__callbacks'
  activesupport (4.0.0) lib/active_support/callbacks.rb:80:in `run_callbacks'
  actionpack (4.0.0) lib/action_dispatch/middleware/callbacks.rb:27:in `call'
  actionpack (4.0.0) lib/action_dispatch/middleware/reloader.rb:64:in `call'
  actionpack (4.0.0) lib/action_dispatch/middleware/remote_ip.rb:76:in `call'
  actionpack (4.0.0) lib/action_dispatch/middleware/debug_exceptions.rb:17:in `call'
  actionpack (4.0.0) lib/action_dispatch/middleware/show_exceptions.rb:30:in `call'
  railties (4.0.0) lib/rails/rack/logger.rb:38:in `call_app'
  railties (4.0.0) lib/rails/rack/logger.rb:21:in `block in call'
  activesupport (4.0.0) lib/active_support/tagged_logging.rb:67:in `block in tagged'
  activesupport (4.0.0) lib/active_support/tagged_logging.rb:25:in `tagged'
  activesupport (4.0.0) lib/active_support/tagged_logging.rb:67:in `tagged'
  railties (4.0.0) lib/rails/rack/logger.rb:21:in `call'
  actionpack (4.0.0) lib/action_dispatch/middleware/request_id.rb:21:in `call'
  rack (1.5.2) lib/rack/methodoverride.rb:21:in `call'
  rack (1.5.2) lib/rack/runtime.rb:17:in `call'
  activesupport (4.0.0) lib/active_support/cache/strategy/local_cache.rb:83:in `call'
  rack (1.5.2) lib/rack/lock.rb:17:in `call'
  actionpack (4.0.0) lib/action_dispatch/middleware/static.rb:64:in `call'
  railties (4.0.0) lib/rails/engine.rb:511:in `call'
  railties (4.0.0) lib/rails/application.rb:97:in `call'
  rack (1.5.2) lib/rack/lock.rb:17:in `call'
  rack (1.5.2) lib/rack/content_length.rb:14:in `call'
  rack (1.5.2) lib/rack/handler/webrick.rb:60:in `service'
  /Users/sophiaraji/.rbenv/versions/custom-2.0.0-p247/lib/ruby/2.0.0/webrick/httpserver.rb:138:in `service'
  /Users/sophiaraji/.rbenv/versions/custom-2.0.0-p247/lib/ruby/2.0.0/webrick/httpserver.rb:94:in `run'
  /Users/sophiaraji/.rbenv/versions/custom-2.0.0-p247/lib/ruby/2.0.0/webrick/server.rb:295:in `block in start_thread'


  Rendered /Users/sophiaraji/.rbenv/versions/custom-2.0.0-p247/lib/ruby/gems/2.0.0/gems/actionpack-4.0.0/lib/action_dispatch/middleware/templates/rescues/_source.erb (0.4ms)
  Rendered /Users/sophiaraji/.rbenv/versions/custom-2.0.0-p247/lib/ruby/gems/2.0.0/gems/actionpack-4.0.0/lib/action_dispatch/middleware/templates/rescues/_trace.erb (1.0ms)
  Rendered /Users/sophiaraji/.rbenv/versions/custom-2.0.0-p247/lib/ruby/gems/2.0.0/gems/actionpack-4.0.0/lib/action_dispatch/middleware/templates/rescues/_request_and_response.erb (0.8ms)
  Rendered /Users/sophiaraji/.rbenv/versions/custom-2.0.0-p247/lib/ruby/gems/2.0.0/gems/actionpack-4.0.0/lib/action_dispatch/middleware/templates/rescues/diagnostics.erb within rescues/layout (16.1ms)


Started GET "/posts/new" for 127.0.0.1 at 2013-11-05 10:15:48 +0800
Processing by PostsController#new as HTML
Filter chain halted as :authenticate rendered or redirected
Completed 401 Unauthorized in 1ms (ActiveRecord: 0.0ms)


Started GET "/posts/new" for 127.0.0.1 at 2013-11-05 10:15:52 +0800
Processing by PostsController#new as HTML
  Rendered posts/_form.html.erb (131.2ms)
  Rendered posts/new.html.erb within layouts/application (133.2ms)
Completed 200 OK in 160ms (Views: 156.7ms | ActiveRecord: 0.4ms)


Started GET "/posts/1" for 127.0.0.1 at 2013-11-05 10:16:10 +0800
Processing by PostsController#show as HTML
  Parameters: {"id"=>"1"}
  [1m[35mPost Load (0.3ms)[0m  SELECT "posts".* FROM "posts" WHERE "posts"."id" = ? LIMIT 1  [["id", "1"]]
  Rendered posts/_post.html.erb (0.6ms)
  Rendered posts/show.html.erb within layouts/application (2.0ms)
Completed 200 OK in 8ms (Views: 6.1ms | ActiveRecord: 0.3ms)


Started GET "/assets/posts.css?body=1" for 127.0.0.1 at 2013-11-05 10:16:10 +0800


Started GET "/assets/turbolinks.js?body=1" for 127.0.0.1 at 2013-11-05 10:16:10 +0800


Started GET "/assets/jquery_ujs.js?body=1" for 127.0.0.1 at 2013-11-05 10:16:10 +0800


Started GET "/assets/application.css?body=1" for 127.0.0.1 at 2013-11-05 10:16:10 +0800


Started GET "/assets/jquery.js?body=1" for 127.0.0.1 at 2013-11-05 10:16:10 +0800


Started GET "/assets/posts.js?body=1" for 127.0.0.1 at 2013-11-05 10:16:10 +0800


Started GET "/assets/scaffolds.css?body=1" for 127.0.0.1 at 2013-11-05 10:16:10 +0800


Started GET "/assets/application.js?body=1" for 127.0.0.1 at 2013-11-05 10:16:10 +0800
  [1m[36mActiveRecord::SchemaMigration Load (0.1ms)[0m  [1mSELECT "schema_migrations".* FROM "schema_migrations"[0m
Migrating to CreateComments (20131105022030)
  [1m[35m (0.1ms)[0m  begin transaction
  [1m[36m (9.6ms)[0m  [1mCREATE TABLE "comments" ("id" INTEGER PRIMARY KEY AUTOINCREMENT NOT NULL, "post_id" integer, "body" text, "created_at" datetime, "updated_at" datetime) [0m
  [1m[35m (0.1ms)[0m  CREATE INDEX "index_comments_on_post_id" ON "comments" ("post_id")
  [1m[36mSQL (0.2ms)[0m  [1mINSERT INTO "schema_migrations" ("version") VALUES (?)[0m  [["version", "20131105022030"]]
  [1m[35m (1.3ms)[0m  commit transaction
  [1m[36mActiveRecord::SchemaMigration Load (0.1ms)[0m  [1mSELECT "schema_migrations".* FROM "schema_migrations"[0m
